<?xml version="1.0" encoding="UTF-8"?>
<!-- Generated by org.testng.reporters.JUnitReportReporter -->
<testsuite skipped="2" hostname="Puchu-PC" name="com.test.CAUK.SmokeSuite" tests="4" failures="0" timestamp="11 Apr 2020 06:31:38 GMT" time="122.534" errors="0">
  <testcase name="outvaluesTest" time="45.849" classname="com.test.CAUK.SmokeSuite"/>
  <testcase name="aboutuslinkTest" time="76.685" classname="com.test.CAUK.SmokeSuite"/>
  <testcase name="pagetitletest" classname="com.test.CAUK.SmokeSuite">
    <skipped/>
  </testcase> <!-- pagetitletest -->
  <testcase name="printtest" classname="com.test.CAUK.SmokeSuite">
    <skipped/>
  </testcase> <!-- printtest -->
</testsuite> <!-- com.test.CAUK.SmokeSuite -->
