<?xml version="1.0" encoding="UTF-8"?>
<!-- Generated by org.testng.reporters.JUnitReportReporter -->
<testsuite skipped="2" hostname="Puchu-PC" name="com.test.CAUK.SmokeSuite" tests="4" failures="0" timestamp="10 Apr 2020 06:07:33 GMT" time="70.856" errors="0">
  <testcase name="outvaluesTest" time="29.094" classname="com.test.CAUK.SmokeSuite"/>
  <testcase name="aboutuslinkTest" time="41.762" classname="com.test.CAUK.SmokeSuite"/>
  <testcase name="pagetitletest" classname="com.test.CAUK.SmokeSuite">
    <skipped/>
  </testcase> <!-- pagetitletest -->
  <testcase name="printtest" classname="com.test.CAUK.SmokeSuite">
    <skipped/>
  </testcase> <!-- printtest -->
</testsuite> <!-- com.test.CAUK.SmokeSuite -->
