<?xml version="1.0" encoding="UTF-8"?>
<!-- Generated by org.testng.reporters.JUnitReportReporter -->
<testsuite skipped="0" hostname="Puchu-PC" name="com.test.CAUK.SmokeSuite" tests="1" failures="0" timestamp="08 Apr 2020 09:59:09 GMT" time="85.056" errors="0">
  <testcase name="pagetitletest" time="85.056" classname="com.test.CAUK.SmokeSuite"/>
</testsuite> <!-- com.test.CAUK.SmokeSuite -->
